<?xml version="1.0" encoding="UTF-8"?>
<!-- Generated by org.testng.reporters.JUnitXMLReporter -->
<testsuite ignored="2" hostname="LAPTOP-7SU4SQ2L" failures="0" tests="0" time="0.001" errors="0" timestamp="2023-02-22T00:28:56 IST">
  <testcase classname="org.appium.APIDemosTest" name="DragDropTest" time="0.0">
    <ignored/>
  </testcase> <!-- DragDropTest -->
  <testcase classname="org.appium.APIDemosTest" name="wifiSettingName" time="0.0">
    <ignored/>
  </testcase> <!-- wifiSettingName -->
</testsuite>
