<?xml version="1.0" encoding="UTF-8"?>
<!-- Generated by org.testng.reporters.JUnitXMLReporter -->
<testsuite ignored="0" hostname="LAPTOP-7SU4SQ2L" failures="0" tests="2" name="Error Validations test" time="50.002" errors="0" timestamp="2023-02-22T16:29:26 IST">
  <testcase classname="org.appium.ecommerce_tc_1" name="fillForm_ErrorValidation" time="9.888"/>
  <testcase classname="org.appium.ecommerce_tc_1" name="fillForm_PositiveFlow" time="20.413"/>
</testsuite> <!-- Error Validations test -->
