<?xml version="1.0" encoding="UTF-8"?>
<testng-results ignored="0" total="1" passed="1" failed="0" skipped="0">
  <reporter-output>
  </reporter-output>
  <suite started-at="2023-02-18T00:48:01 IST" name="Default suite" finished-at="2023-02-18T00:48:25 IST" duration-ms="24085">
    <groups>
    </groups>
    <test started-at="2023-02-18T00:48:01 IST" name="Default test" finished-at="2023-02-18T00:48:25 IST" duration-ms="24085">
      <class name="appium.AppiumBasics">
        <test-method is-config="true" signature="configureAppium()[pri:0, instance:appium.AppiumBasics@31ea9581]" started-at="2023-02-18T00:48:01 IST" name="configureAppium" finished-at="2023-02-18T00:48:20 IST" duration-ms="19127" status="PASS">
          <reporter-output>
          </reporter-output>
        </test-method> <!-- configureAppium -->
        <test-method signature="wifiSettingName()[pri:0, instance:appium.AppiumBasics@31ea9581]" started-at="2023-02-18T00:48:20 IST" name="wifiSettingName" finished-at="2023-02-18T00:48:24 IST" duration-ms="4419" status="PASS">
          <reporter-output>
          </reporter-output>
        </test-method> <!-- wifiSettingName -->
        <test-method is-config="true" signature="tearDown()[pri:0, instance:appium.AppiumBasics@31ea9581]" started-at="2023-02-18T00:48:24 IST" name="tearDown" finished-at="2023-02-18T00:48:25 IST" duration-ms="477" status="PASS">
          <reporter-output>
          </reporter-output>
        </test-method> <!-- tearDown -->
      </class> <!-- appium.AppiumBasics -->
    </test> <!-- Default test -->
  </suite> <!-- Default suite -->
</testng-results>
